{"code":"28P01","file":"auth.c","length":104,"level":"\u001b[31merror\u001b[39m","line":"324","message":"\u001b[31mDatabase connection failed: password authentication failed for user \"postgres\"\u001b[39m","name":"error","routine":"auth_failed","severity":"FATAL","stack":"error: password authentication failed for user \"postgres\"\n    at C:\\Users\\user\\Desktop\\4th year projects\\agri-price tracker\\backend\\node_modules\\pg-pool\\index.js:45:11\n    at process.processTicksAndRejections (node:internal/process/task_queues:95:5)\n    at connectDatabase (C:\\Users\\user\\Desktop\\4th year projects\\agri-price tracker\\backend\\src\\database\\connection.ts:25:20)\n    at startServer (C:\\Users\\user\\Desktop\\4th year projects\\agri-price tracker\\backend\\src\\server.ts:121:5)","timestamp":"2025-10-16 00:43:36:4336"}
{"code":"28P01","file":"auth.c","length":104,"level":"\u001b[31merror\u001b[39m","line":"324","message":"\u001b[31mDatabase connection failed: password authentication failed for user \"postgres\"\u001b[39m","name":"error","routine":"auth_failed","severity":"FATAL","stack":"error: password authentication failed for user \"postgres\"\n    at C:\\Users\\user\\Desktop\\4th year projects\\agri-price tracker\\backend\\node_modules\\pg-pool\\index.js:45:11\n    at process.processTicksAndRejections (node:internal/process/task_queues:95:5)\n    at connectDatabase (C:\\Users\\user\\Desktop\\4th year projects\\agri-price tracker\\backend\\src\\database\\connection.ts:25:20)\n    at startServer (C:\\Users\\user\\Desktop\\4th year projects\\agri-price tracker\\backend\\src\\server.ts:121:5)","timestamp":"2025-10-16 00:47:05:475"}
{"code":"28P01","file":"auth.c","length":104,"level":"\u001b[31merror\u001b[39m","line":"324","message":"\u001b[31mDatabase connection failed: password authentication failed for user \"postgres\"\u001b[39m","name":"error","routine":"auth_failed","severity":"FATAL","stack":"error: password authentication failed for user \"postgres\"\n    at C:\\Users\\user\\Desktop\\4th year projects\\agri-price tracker\\backend\\node_modules\\pg-pool\\index.js:45:11\n    at process.processTicksAndRejections (node:internal/process/task_queues:95:5)\n    at connectDatabase (C:\\Users\\user\\Desktop\\4th year projects\\agri-price tracker\\backend\\src\\database\\connection.ts:25:20)\n    at startServer (C:\\Users\\user\\Desktop\\4th year projects\\agri-price tracker\\backend\\src\\server.ts:121:5)","timestamp":"2025-10-16 00:54:33:5433"}
{"code":"28P01","file":"auth.c","length":104,"level":"\u001b[31merror\u001b[39m","line":"324","message":"\u001b[31mDatabase connection failed: password authentication failed for user \"postgres\"\u001b[39m","name":"error","routine":"auth_failed","severity":"FATAL","stack":"error: password authentication failed for user \"postgres\"\n    at C:\\Users\\user\\Desktop\\4th year projects\\agri-price tracker\\backend\\node_modules\\pg-pool\\index.js:45:11\n    at process.processTicksAndRejections (node:internal/process/task_queues:95:5)\n    at connectDatabase (C:\\Users\\user\\Desktop\\4th year projects\\agri-price tracker\\backend\\src\\database\\connection.ts:25:20)\n    at startServer (C:\\Users\\user\\Desktop\\4th year projects\\agri-price tracker\\backend\\src\\server.ts:121:5)","timestamp":"2025-10-16 00:55:19:5519"}
{"code":"28P01","file":"auth.c","length":104,"level":"\u001b[31merror\u001b[39m","line":"324","message":"\u001b[31mDatabase connection failed: password authentication failed for user \"postgres\"\u001b[39m","name":"error","routine":"auth_failed","severity":"FATAL","stack":"error: password authentication failed for user \"postgres\"\n    at C:\\Users\\user\\Desktop\\4th year projects\\agri-price tracker\\backend\\node_modules\\pg-pool\\index.js:45:11\n    at process.processTicksAndRejections (node:internal/process/task_queues:95:5)\n    at connectDatabase (C:\\Users\\user\\Desktop\\4th year projects\\agri-price tracker\\backend\\src\\database\\connection.ts:25:20)\n    at startServer (C:\\Users\\user\\Desktop\\4th year projects\\agri-price tracker\\backend\\src\\server.ts:121:5)","timestamp":"2025-10-16 00:55:55:5555"}
{"level":"\u001b[31merror\u001b[39m","message":"\u001b[31mDatabase connection failed: SASL: SCRAM-SERVER-FIRST-MESSAGE: client password must be a string\u001b[39m","stack":"Error: SASL: SCRAM-SERVER-FIRST-MESSAGE: client password must be a string\n    at C:\\Users\\user\\Desktop\\4th year projects\\agri-price tracker\\backend\\node_modules\\pg-pool\\index.js:45:11\n    at process.processTicksAndRejections (node:internal/process/task_queues:95:5)\n    at connectDatabase (C:\\Users\\user\\Desktop\\4th year projects\\agri-price tracker\\backend\\src\\database\\connection.ts:25:20)\n    at startServer (C:\\Users\\user\\Desktop\\4th year projects\\agri-price tracker\\backend\\src\\server.ts:121:5)","timestamp":"2025-10-16 00:58:58:5858"}
{"level":"\u001b[32minfo\u001b[39m","message":"\u001b[32mDatabase connected at: Thu Oct 16 2025 00:59:44 GMT+0300 (East Africa Time)\u001b[39m","timestamp":"2025-10-16 00:59:44:5944"}
{"level":"\u001b[32minfo\u001b[39m","message":"\u001b[32mDatabase connected successfully\u001b[39m","timestamp":"2025-10-16 00:59:44:5944"}
{"level":"\u001b[32minfo\u001b[39m","message":"\u001b[32mStarting cron jobs...\u001b[39m","timestamp":"2025-10-16 00:59:44:5944"}
{"level":"\u001b[32minfo\u001b[39m","message":"\u001b[32mCron jobs started successfully\u001b[39m","timestamp":"2025-10-16 00:59:44:5944"}
{"level":"\u001b[32minfo\u001b[39m","message":"\u001b[32mCron jobs started\u001b[39m","timestamp":"2025-10-16 00:59:44:5944"}
{"level":"\u001b[32minfo\u001b[39m","message":"\u001b[32m🚀 Server running on port 3000\u001b[39m","timestamp":"2025-10-16 00:59:44:5944"}
{"level":"\u001b[32minfo\u001b[39m","message":"\u001b[32m📚 API Documentation: http://localhost:3000/api/v1\u001b[39m","timestamp":"2025-10-16 00:59:44:5944"}
{"level":"\u001b[32minfo\u001b[39m","message":"\u001b[32m🏥 Health Check: http://localhost:3000/health\u001b[39m","timestamp":"2025-10-16 00:59:44:5944"}
{"level":"\u001b[32minfo\u001b[39m","message":"\u001b[32m🌍 Environment: development\u001b[39m","timestamp":"2025-10-16 00:59:44:5944"}
{"level":"\u001b[32minfo\u001b[39m","message":"\u001b[32mDatabase connected at: Thu Oct 16 2025 01:00:32 GMT+0300 (East Africa Time)\u001b[39m","timestamp":"2025-10-16 01:00:32:032"}
{"level":"\u001b[32minfo\u001b[39m","message":"\u001b[32mDatabase connected successfully\u001b[39m","timestamp":"2025-10-16 01:00:32:032"}
{"level":"\u001b[32minfo\u001b[39m","message":"\u001b[32mStarting cron jobs...\u001b[39m","timestamp":"2025-10-16 01:00:32:032"}
{"level":"\u001b[32minfo\u001b[39m","message":"\u001b[32mCron jobs started successfully\u001b[39m","timestamp":"2025-10-16 01:00:32:032"}
{"level":"\u001b[32minfo\u001b[39m","message":"\u001b[32mCron jobs started\u001b[39m","timestamp":"2025-10-16 01:00:32:032"}
{"level":"\u001b[32minfo\u001b[39m","message":"\u001b[32m🚀 Server running on port 3000\u001b[39m","timestamp":"2025-10-16 01:00:32:032"}
{"level":"\u001b[32minfo\u001b[39m","message":"\u001b[32m📚 API Documentation: http://localhost:3000/api/v1\u001b[39m","timestamp":"2025-10-16 01:00:32:032"}
{"level":"\u001b[32minfo\u001b[39m","message":"\u001b[32m🏥 Health Check: http://localhost:3000/health\u001b[39m","timestamp":"2025-10-16 01:00:32:032"}
{"level":"\u001b[32minfo\u001b[39m","message":"\u001b[32m🌍 Environment: development\u001b[39m","timestamp":"2025-10-16 01:00:32:032"}
{"level":"\u001b[32minfo\u001b[39m","message":"\u001b[32mRunning KAMIS data sync job\u001b[39m","timestamp":"2025-10-16 12:00:00:00"}
{"level":"\u001b[37mdebug\u001b[39m","message":"\u001b[37mQuery executed in 293ms: INSERT INTO kamis_sync_logs (sync_date, status) VALUES (CURRENT_DATE, $1) RETURNING id\u001b[39m","timestamp":"2025-10-16 12:00:01:01"}
{"level":"\u001b[32minfo\u001b[39m","message":"\u001b[32mStarting KAMIS data synchronization\u001b[39m","timestamp":"2025-10-16 12:00:01:01"}
{"level":"\u001b[37mdebug\u001b[39m","message":"\u001b[37mQuery executed in 164ms: UPDATE kamis_sync_logs \u001b[39m\n\u001b[37m     SET records_processed = $1, records_inserted = $2, records_updated = $3, \u001b[39m\n\u001b[37m         status = $4, error_message = $5, completed_at = CURRENT_TIMESTAMP\u001b[39m\n\u001b[37m     WHERE id = $6\u001b[39m","timestamp":"2025-10-16 12:00:05:05"}
{"level":"\u001b[32minfo\u001b[39m","message":"\u001b[32mRunning KAMIS data sync job\u001b[39m","timestamp":"2025-10-16 16:00:00:00"}
{"level":"\u001b[37mdebug\u001b[39m","message":"\u001b[37mQuery executed in 448ms: INSERT INTO kamis_sync_logs (sync_date, status) VALUES (CURRENT_DATE, $1) RETURNING id\u001b[39m","timestamp":"2025-10-16 16:00:01:01"}
{"level":"\u001b[32minfo\u001b[39m","message":"\u001b[32mStarting KAMIS data synchronization\u001b[39m","timestamp":"2025-10-16 16:00:01:01"}
{"level":"\u001b[37mdebug\u001b[39m","message":"\u001b[37mQuery executed in 24ms: UPDATE kamis_sync_logs \u001b[39m\n\u001b[37m     SET records_processed = $1, records_inserted = $2, records_updated = $3, \u001b[39m\n\u001b[37m         status = $4, error_message = $5, completed_at = CURRENT_TIMESTAMP\u001b[39m\n\u001b[37m     WHERE id = $6\u001b[39m","timestamp":"2025-10-16 16:00:05:05"}
{"level":"\u001b[32minfo\u001b[39m","message":"\u001b[32mRunning KAMIS data sync job\u001b[39m","timestamp":"2025-10-16 20:00:00:00"}
{"level":"\u001b[37mdebug\u001b[39m","message":"\u001b[37mQuery executed in 562ms: INSERT INTO kamis_sync_logs (sync_date, status) VALUES (CURRENT_DATE, $1) RETURNING id\u001b[39m","timestamp":"2025-10-16 20:00:01:01"}
{"level":"\u001b[32minfo\u001b[39m","message":"\u001b[32mStarting KAMIS data synchronization\u001b[39m","timestamp":"2025-10-16 20:00:01:01"}
{"level":"\u001b[37mdebug\u001b[39m","message":"\u001b[37mQuery executed in 39ms: UPDATE kamis_sync_logs \u001b[39m\n\u001b[37m     SET records_processed = $1, records_inserted = $2, records_updated = $3, \u001b[39m\n\u001b[37m         status = $4, error_message = $5, completed_at = CURRENT_TIMESTAMP\u001b[39m\n\u001b[37m     WHERE id = $6\u001b[39m","timestamp":"2025-10-16 20:00:05:05"}
{"ip":"::1","level":"\u001b[35mhttp\u001b[39m","message":"\u001b[35mGET /api/v1/crops\u001b[39m","query":{"is_active":"true"},"timestamp":"2025-10-16 22:53:43:5343","userAgent":"Mozilla/5.0 (Windows NT 10.0; Win64; x64) AppleWebKit/537.36 (KHTML, like Gecko) Chrome/141.0.0.0 Safari/537.36"}
{"ip":"::1","level":"\u001b[35mhttp\u001b[39m","message":"\u001b[35mGET /api/v1/prices\u001b[39m","query":{"limit":"50"},"timestamp":"2025-10-16 22:53:43:5343","userAgent":"Mozilla/5.0 (Windows NT 10.0; Win64; x64) AppleWebKit/537.36 (KHTML, like Gecko) Chrome/141.0.0.0 Safari/537.36"}
{"ip":"::1","level":"\u001b[35mhttp\u001b[39m","message":"\u001b[35mGET /api/v1/regions\u001b[39m","query":{},"timestamp":"2025-10-16 22:53:44:5344","userAgent":"Mozilla/5.0 (Windows NT 10.0; Win64; x64) AppleWebKit/537.36 (KHTML, like Gecko) Chrome/141.0.0.0 Safari/537.36"}
{"duration":"31ms","ip":"::1","level":"\u001b[35mhttp\u001b[39m","message":"\u001b[35mGET / - 404\u001b[39m","statusCode":404,"timestamp":"2025-10-16 22:53:44:5344"}
{"level":"\u001b[37mdebug\u001b[39m","message":"\u001b[37mQuery executed in 705ms: SELECT * FROM crops WHERE is_active = $1 ORDER BY name ASC\u001b[39m","timestamp":"2025-10-16 22:53:44:5344"}
{"duration":"922ms","ip":"::1","level":"\u001b[35mhttp\u001b[39m","message":"\u001b[35mGET / - 200\u001b[39m","statusCode":200,"timestamp":"2025-10-16 22:53:44:5344"}
{"level":"\u001b[37mdebug\u001b[39m","message":"\u001b[37mQuery executed in 601ms: SELECT pe.*, \u001b[39m\n\u001b[37m              c.name as crop_name,\u001b[39m\n\u001b[37m              r.name as region_name,\u001b[39m\n\u001b[37m              m.name as market_name,\u001b[39m\n\u001b[37m              u1.full_name as entered_by_name,\u001b[39m\n\u001b[37m              u2.full_name as verified_by_name\u001b[39m\n\u001b[37m       FROM price_entries pe\u001b[39m\n\u001b[37m       JOIN crops c ON pe.crop_id = c.id\u001b[39m\n\u001b[37m       JOIN regions r ON pe.region_id = r.id\u001b[39m\n\u001b[37m       LEFT JOIN markets m ON pe.market_id = m.id\u001b[39m\n\u001b[37m       LEFT JOIN users u1 ON pe.entered_by = u1.id\u001b[39m\n\u001b[37m       LEFT JOIN users u2 ON pe.verified_by = u2.id\u001b[39m\n\u001b[37m       \u001b[39m\n\u001b[37m       ORDER BY pe.entry_date DESC\u001b[39m\n\u001b[37m       LIMIT $1 OFFSET $2\u001b[39m","timestamp":"2025-10-16 22:53:44:5344"}
{"level":"\u001b[37mdebug\u001b[39m","message":"\u001b[37mQuery executed in 130ms: SELECT COUNT(*) FROM price_entries pe \u001b[39m","timestamp":"2025-10-16 22:53:44:5344"}
{"duration":"876ms","ip":"::1","level":"\u001b[35mhttp\u001b[39m","message":"\u001b[35mGET / - 200\u001b[39m","statusCode":200,"timestamp":"2025-10-16 22:53:44:5344"}
{"level":"\u001b[32minfo\u001b[39m","message":"\u001b[32mRunning KAMIS data sync job\u001b[39m","timestamp":"2025-10-17 00:00:00:00"}
{"level":"\u001b[37mdebug\u001b[39m","message":"\u001b[37mQuery executed in 756ms: INSERT INTO kamis_sync_logs (sync_date, status) VALUES (CURRENT_DATE, $1) RETURNING id\u001b[39m","timestamp":"2025-10-17 00:00:01:01"}
{"level":"\u001b[32minfo\u001b[39m","message":"\u001b[32mStarting KAMIS data synchronization\u001b[39m","timestamp":"2025-10-17 00:00:01:01"}
{"level":"\u001b[37mdebug\u001b[39m","message":"\u001b[37mQuery executed in 139ms: UPDATE kamis_sync_logs \u001b[39m\n\u001b[37m     SET records_processed = $1, records_inserted = $2, records_updated = $3, \u001b[39m\n\u001b[37m         status = $4, error_message = $5, completed_at = CURRENT_TIMESTAMP\u001b[39m\n\u001b[37m     WHERE id = $6\u001b[39m","timestamp":"2025-10-17 00:00:05:05"}
{"level":"\u001b[32minfo\u001b[39m","message":"\u001b[32mRunning KAMIS data sync job\u001b[39m","timestamp":"2025-10-17 12:00:00:00"}
{"level":"\u001b[37mdebug\u001b[39m","message":"\u001b[37mQuery executed in 5515ms: INSERT INTO kamis_sync_logs (sync_date, status) VALUES (CURRENT_DATE, $1) RETURNING id\u001b[39m","timestamp":"2025-10-17 12:00:06:06"}
{"level":"\u001b[32minfo\u001b[39m","message":"\u001b[32mStarting KAMIS data synchronization\u001b[39m","timestamp":"2025-10-17 12:00:06:06"}
{"level":"\u001b[37mdebug\u001b[39m","message":"\u001b[37mQuery executed in 1995ms: UPDATE kamis_sync_logs \u001b[39m\n\u001b[37m     SET records_processed = $1, records_inserted = $2, records_updated = $3, \u001b[39m\n\u001b[37m         status = $4, error_message = $5, completed_at = CURRENT_TIMESTAMP\u001b[39m\n\u001b[37m     WHERE id = $6\u001b[39m","timestamp":"2025-10-17 12:00:15:015"}
